browser_manager      - INFO     - BROWSER 3958619535: Launching browser...
deploy_firefox       - INFO     - BROWSER 3958619535: Loading initial browser profile from: /home/maazbinmusa/Desktop/openwpm-xdevice/datadir/profile.tar.gz
storage_controller   - INFO     - Awaiting all tasks for visit_id -1
task_manager         - INFO     - 

OpenWPM Version: b'79d869ba'
Firefox Version: b'89.0'

========== Manager Configuration ==========
{
  "_failure_limit": null,
  "data_directory": "/home/maazbinmusa/Desktop/openwpm-xdevice/datadir",
  "log_path": "/home/maazbinmusa/Desktop/openwpm-xdevice/datadir/openwpm.log",
  "logger_address": [
    "127.0.0.1",
    34445
  ],
  "memory_watchdog": false,
  "num_browsers": 1,
  "process_watchdog": false,
  "screenshot_path": "/home/maazbinmusa/Desktop/openwpm-xdevice/datadir/screenshots",
  "source_dump_path": "/home/maazbinmusa/Desktop/openwpm-xdevice/datadir/sources",
  "storage_controller_address": [
    "127.0.0.1",
    40403
  ],
  "testing": false
}

========== Browser Configuration ==========
Keys:
{
  "browser_id": 0,
  "bot_mitigation": 1,
  "browser": 2,
  "callstack_instrument": 3,
  "cookie_instrument": 4,
  "custom_params": 5,
  "display_mode": 6,
  "dns_instrument": 7,
  "donottrack": 8,
  "extension_enabled": 9,
  "http_instrument": 10,
  "js_instrument": 11,
  "js_instrument_settings": 12,
  "navigation_instrument": 13,
  "prefs": 14,
  "profile_path": 15,
  "recovery_tar": 16,
  "save_content": 17,
  "tp_cookies": 18,
  "tracking_protection": 19
}

         0  1     2        3     4     5                                                                                                                                                                                                                                                                                                                                                                                                                                                                                                                                                                                                                                                                                                                                                                                                                                                                                                                                                                                                                                                                                                                                                                                                                                                                                                                                                                                                                                                                                                                                                                                                                                                                                                                                                                                                                                                                                                                                                                                                                                                                                                                                                                                                                                                                                                                                                                                                                                                                                                                                                                                                                                                                                                                                                                                                                                                                                                                                                                                           6         7     8      9     10    11    12                             13    14    15    16    17                                                                                                                                                                             18      19
----------  ----  -------  ----  ----  ------------------------------------------------------------------------------------------------------------------------------------------------------------------------------------------------------------------------------------------------------------------------------------------------------------------------------------------------------------------------------------------------------------------------------------------------------------------------------------------------------------------------------------------------------------------------------------------------------------------------------------------------------------------------------------------------------------------------------------------------------------------------------------------------------------------------------------------------------------------------------------------------------------------------------------------------------------------------------------------------------------------------------------------------------------------------------------------------------------------------------------------------------------------------------------------------------------------------------------------------------------------------------------------------------------------------------------------------------------------------------------------------------------------------------------------------------------------------------------------------------------------------------------------------------------------------------------------------------------------------------------------------------------------------------------------------------------------------------------------------------------------------------------------------------------------------------------------------------------------------------------------------------------------------------------------------------------------------------------------------------------------------------------------------------------------------------------------------------------------------------------------------------------------------------------------------------------------------------------------------------------------------------------------------------------------------------------------------------------------------------------------------------------------------------------------------------------------------------------------------------------------------------------------------------------------------------------------------------------------------------------------------------------------------------------------------------------------------------------------------------------------------------------------------------------------------------------------------------------------------------------------------------------------------------------------------------------------------------------------  --------  ----  -----  ----  ----  ----  -----------------------------  ----  ----  ----  ----  -----------------------------------------------------------------------------------------------------------------------------------------------------------------------------  ------  -----
3958619535  True  firefox  True  True  {'Persona_Path': 'data/personas', 'profile_tar': './datadir', 'Persona_Name': 'Travel.json', 'Persona_Numb': 1, 'Browser_Config': 'config/browser_params.json', 'Manager_Config': 'config/manager_params.json', 'Browser_Config_Def': 'default_browser_params.json', 'Manager_Config_Def': 'default_manager_params.json', 'Number_of_Browsers': 1, 'Sites': ['nike.com/t/space-hippie-01-shoe-14Tq8r/DJ3056-003', 'nike.com/t/free-run-5-mens-running-shoe-mL8SDd/CZ1884-001', 'nike.com/t/lebron-18-low-summer-refresh-basketball-shoe-grSm2X/CV7562-100', 'nike.com/t/air-max-genome-mens-shoe-f4SHr3/CW1648-100', 'nike.com/t/giannis-immortality-basketball-shoe-p9QlJF/DH4470-500', 'nike.com/t/waffle-one-mens-shoe-nBt8QX/DA7995-101', 'nike.com/t/air-vapormax-2021-fk-mens-shoe-NpTfFz/DH4084-003', 'nike.com/t/air-force-1-07-mens-shoe-5QFp5Z/CW2288-111', 'nike.com/t/react-infinity-run-flyknit-2-mens-running-shoe-2dVzmM/DJ5395-100', 'nike.com/t/air-zoom-pegasus-38-mens-road-running-shoe-Lp3tgg/DJ5397-100', 'nike.com/t/zoomx-invincible-run-flyknit-mens-running-shoe-cKzSpj/DJ5450-001', 'nike.com/t/air-zoom-alphafly-next-flyknit-mens-road-racing-shoe-LT77q7/DJ5455-100', 'nike.com/t/kyrie-7-basketball-shoe-nNMZ3b/CQ9326-300', 'nike.com/t/blazer-low-77-vintage-mens-shoe-jsksCM/DA6364-101', 'nike.com/t/air-zoom-alphafly-next-mens-racing-shoe-2FN3N2/CI9925-300', 'nike.com/t/space-hippie-01-shoe-14Tq8r/DJ3056-003', 'nike.com/t/free-run-5-mens-running-shoe-mL8SDd/CZ1884-001', 'nike.com/t/lebron-18-low-summer-refresh-basketball-shoe-grSm2X/CV7562-100', 'nike.com/t/air-max-genome-mens-shoe-f4SHr3/CW1648-100', 'nike.com/t/giannis-immortality-basketball-shoe-p9QlJF/DH4470-500', 'nike.com/t/waffle-one-mens-shoe-nBt8QX/DA7995-101', 'nike.com/t/air-vapormax-2021-fk-mens-shoe-NpTfFz/DH4084-003', 'nike.com/t/air-force-1-07-mens-shoe-5QFp5Z/CW2288-111', 'nike.com/t/react-infinity-run-flyknit-2-mens-running-shoe-2dVzmM/DJ5395-100', 'nike.com/t/air-zoom-pegasus-38-mens-road-running-shoe-Lp3tgg/DJ5397-100', 'nike.com/t/zoomx-invincible-run-flyknit-mens-running-shoe-cKzSpj/DJ5450-001', 'nike.com/t/air-zoom-alphafly-next-flyknit-mens-road-racing-shoe-LT77q7/DJ5455-100', 'nike.com/t/kyrie-7-basketball-shoe-nNMZ3b/CQ9326-300', 'nike.com/t/blazer-low-77-vintage-mens-shoe-jsksCM/DA6364-101', 'nike.com/t/air-zoom-alphafly-next-mens-racing-shoe-2FN3N2/CI9925-300'], 'Storage_File': 'storage.js', 'ublock_origin': False, 'Ad_Sites': ['yahoo.com', 'cnbc.com', 'nymag.com', 'newyorker.com', 'vox.com'], 'Intent': 'Intent', 'Intent_Sites': ['cheapfareguru.com/book/show.php?s=622b03d7430aae9a&e=145a25135dfa6034', 'google.com/travel/flights/search?tfs=CBwQAhoqagwIAhIIL20vMHQwbjUSCjIwMjEtMDQtMjJyDggDEgovbS8wMzBxYjN0GipqDggDEgovbS8wMzBxYjN0EgoyMDIxLTA0LTI2cgwIAhIIL20vMHQwbjVwAYIBCwj___________8BQAFIAZgBAQ'], 'save_all_content': False, 'ip': None, 'mode': '3', 'path': 'datadir', 'mobile': True}  headless  True  False  True  True  True  ['collection_fingerprinting']  True  {}                beacon,csp_report,font,image,imageset,main_frame,media,object,object_subrequest,ping,script,stylesheet,sub_frame,web_manifest,websocket,xbl,xml_dtd,xmlhttprequest,xslt,other  always  False

========== JS Instrument Settings ==========
{"3958619535":[{"object":"window['ScriptProcessorNode'].prototype","instrumentedName":"ScriptProcessorNode","logSettings":{"propertiesToInstrument":[],"nonExistingPropertiesToInstrument":[],"excludedProperties":[],"logCallStack":false,"logFunctionsAsStrings":false,"logFunctionGets":false,"preventSets":false,"recursive":false,"depth":5}},{"object":"window['GainNode'].prototype","instrumentedName":"GainNode","logSettings":{"propertiesToInstrument":[],"nonExistingPropertiesToInstrument":[],"excludedProperties":[],"logCallStack":false,"logFunctionsAsStrings":false,"logFunctionGets":false,"preventSets":false,"recursive":false,"depth":5}},{"object":"window['AnalyserNode'].prototype","instrumentedName":"AnalyserNode","logSettings":{"propertiesToInstrument":[],"nonExistingPropertiesToInstrument":[],"excludedProperties":[],"logCallStack":false,"logFunctionsAsStrings":false,"logFunctionGets":false,"preventSets":false,"recursive":false,"depth":5}},{"object":"window['OscillatorNode'].prototype","instrumentedName":"OscillatorNode","logSettings":{"propertiesToInstrument":[],"nonExistingPropertiesToInstrument":[],"excludedProperties":[],"logCallStack":false,"logFunctionsAsStrings":false,"logFunctionGets":false,"preventSets":false,"recursive":false,"depth":5}},{"object":"window['OfflineAudioContext'].prototype","instrumentedName":"OfflineAudioContext","logSettings":{"propertiesToInstrument":[],"nonExistingPropertiesToInstrument":[],"excludedProperties":[],"logCallStack":false,"logFunctionsAsStrings":false,"logFunctionGets":false,"preventSets":false,"recursive":false,"depth":5}},{"object":"window['AudioContext'].prototype","instrumentedName":"AudioContext","logSettings":{"propertiesToInstrument":[],"nonExistingPropertiesToInstrument":[],"excludedProperties":[],"logCallStack":false,"logFunctionsAsStrings":false,"logFunctionGets":false,"preventSets":false,"recursive":false,"depth":5}},{"object":"window['RTCPeerConnection'].prototype","instrumentedName":"RTCPeerConnection","logSettings":{"propertiesToInstrument":[],"nonExistingPropertiesToInstrument":[],"excludedProperties":[],"logCallStack":false,"logFunctionsAsStrings":false,"logFunctionGets":false,"preventSets":false,"recursive":false,"depth":5}},{"object":"window['HTMLCanvasElement'].prototype","instrumentedName":"HTMLCanvasElement","logSettings":{"propertiesToInstrument":[],"nonExistingPropertiesToInstrument":[],"excludedProperties":[],"logCallStack":false,"logFunctionsAsStrings":false,"logFunctionGets":false,"preventSets":false,"recursive":false,"depth":5}},{"object":"window['Storage'].prototype","instrumentedName":"Storage","logSettings":{"propertiesToInstrument":[],"nonExistingPropertiesToInstrument":[],"excludedProperties":[],"logCallStack":false,"logFunctionsAsStrings":false,"logFunctionGets":false,"preventSets":false,"recursive":false,"depth":5}},{"object":"window.navigator","instrumentedName":"window.navigator","logSettings":{"propertiesToInstrument":[],"nonExistingPropertiesToInstrument":[],"excludedProperties":[],"logCallStack":false,"logFunctionsAsStrings":false,"logFunctionGets":false,"preventSets":false,"recursive":false,"depth":5}},{"object":"window['CanvasRenderingContext2D'].prototype","instrumentedName":"CanvasRenderingContext2D","logSettings":{"propertiesToInstrument":[],"nonExistingPropertiesToInstrument":[],"excludedProperties":["quadraticCurveTo","lineTo","translate","clearRect","globalAlpha","canvas","closePath","moveTo","beginPath","setTransform","transform","drawImage"],"logCallStack":false,"logFunctionsAsStrings":false,"logFunctionGets":false,"preventSets":false,"recursive":false,"depth":5}},{"object":"window","instrumentedName":"window","logSettings":{"propertiesToInstrument":["name","localStorage","sessionStorage"],"nonExistingPropertiesToInstrument":[],"excludedProperties":[],"logCallStack":false,"logFunctionsAsStrings":false,"logFunctionGets":false,"preventSets":false,"recursive":false,"depth":5}},{"object":"window.document","instrumentedName":"window.document","logSettings":{"propertiesToInstrument":["referrer","cookie"],"nonExistingPropertiesToInstrument":[],"excludedProperties":[],"logCallStack":true,"logFunctionsAsStrings":false,"logFunctionGets":false,"preventSets":false,"recursive":false,"depth":5}},{"object":"window.screen","instrumentedName":"window.screen","logSettings":{"propertiesToInstrument":["pixelDepth","colorDepth"],"nonExistingPropertiesToInstrument":[],"excludedProperties":[],"logCallStack":false,"logFunctionsAsStrings":false,"logFunctionGets":false,"preventSets":false,"recursive":false,"depth":5}}]}

========== Input profile tar files ==========
{
  "3958619535": "/home/maazbinmusa/Desktop/openwpm-xdevice/datadir/profile.tar.gz"
}

========== Output (archive) profile dirs ==========
{
  "3958619535": "/home/maazbinmusa/Desktop/openwpm-xdevice/datadir"
}


browser_manager      - INFO     - Starting to work on CommandSequence with visit_id 4876580712160789 on browser with id 3958619535
Browser IP: None
browser_manager      - INFO     - BROWSER 3958619535: EXECUTING COMMAND: InitializeCommand()
browser_manager      - INFO     - BROWSER 3958619535: EXECUTING COMMAND: GetCommand(http://www.yahoo.com,30)
storage_controller   - INFO     - Terminating handler, because the underlying socket closed
browser_manager      - INFO     - BROWSER 3958619535: EXECUTING COMMAND: ScrollDown
browser_manager      - INFO     - BROWSER 3958619535: EXECUTING COMMAND: SaveScreenshotCommand(30)
browser_manager      - INFO     - BROWSER 3958619535: EXECUTING COMMAND: ScrollUp
browser_manager      - INFO     - BROWSER 3958619535: EXECUTING COMMAND: GettingHeaderBiddingAd
browser_manager      - INFO     - BROWSER 3958619535: EXECUTING COMMAND: GettingHBiddingImages
browser_manager      - INFO     - BROWSER 3958619535: EXECUTING COMMAND: FinalizeCommand(5)
browser_manager      - INFO     - Finished working on CommandSequence with visit_id 4876580712160789 on browser with id 3958619535
storage_controller   - INFO     - Awaiting all tasks for visit_id 4876580712160789
CommandSequence for http://www.yahoo.com ran successfully
browser_manager      - INFO     - Starting to work on CommandSequence with visit_id 6388799797636349 on browser with id 3958619535
browser_manager      - INFO     - BROWSER 3958619535: EXECUTING COMMAND: InitializeCommand()
browser_manager      - INFO     - BROWSER 3958619535: EXECUTING COMMAND: GetCommand(http://www.cnbc.com,30)
browser_manager      - INFO     - BROWSER 3958619535: EXECUTING COMMAND: ScrollDown
browser_manager      - INFO     - BROWSER 3958619535: EXECUTING COMMAND: SaveScreenshotCommand(31)
browser_manager      - INFO     - BROWSER 3958619535: EXECUTING COMMAND: ScrollUp
browser_manager      - INFO     - BROWSER 3958619535: EXECUTING COMMAND: GettingHeaderBiddingAd
browser_manager      - INFO     - BROWSER 3958619535: EXECUTING COMMAND: GettingHBiddingImages
{}
browser_manager      - INFO     - BROWSER 3958619535: EXECUTING COMMAND: FinalizeCommand(5)
browser_manager      - INFO     - Finished working on CommandSequence with visit_id 6388799797636349 on browser with id 3958619535
storage_controller   - INFO     - Awaiting all tasks for visit_id 6388799797636349
browser_manager      - INFO     - Starting to work on CommandSequence with visit_id 5716313610157282 on browser with id 3958619535
browser_manager      - INFO     - BROWSER 3958619535: EXECUTING COMMAND: InitializeCommand()
browser_manager      - INFO     - BROWSER 3958619535: EXECUTING COMMAND: GetCommand(http://www.nymag.com,30)
browser_manager      - INFO     - BROWSER 3958619535: EXECUTING COMMAND: ScrollDown
browser_manager      - INFO     - BROWSER 3958619535: EXECUTING COMMAND: SaveScreenshotCommand(32)
browser_manager      - INFO     - BROWSER 3958619535: EXECUTING COMMAND: ScrollUp
browser_manager      - INFO     - BROWSER 3958619535: EXECUTING COMMAND: GettingHeaderBiddingAd
browser_manager      - INFO     - BROWSER 3958619535: EXECUTING COMMAND: GettingHBiddingImages
browser_manager      - INFO     - BROWSER 3958619535: EXECUTING COMMAND: FinalizeCommand(5)
CommandSequence for http://www.cnbc.com ran successfully
browser_manager      - INFO     - Finished working on CommandSequence with visit_id 5716313610157282 on browser with id 3958619535
storage_controller   - INFO     - Awaiting all tasks for visit_id 5716313610157282
browser_manager      - INFO     - Starting to work on CommandSequence with visit_id 4630324946371331 on browser with id 3958619535
browser_manager      - INFO     - BROWSER 3958619535: EXECUTING COMMAND: InitializeCommand()
browser_manager      - INFO     - BROWSER 3958619535: EXECUTING COMMAND: GetCommand(http://www.newyorker.com,30)
browser_manager      - INFO     - BROWSER 3958619535: EXECUTING COMMAND: ScrollDown
browser_manager      - INFO     - BROWSER 3958619535: EXECUTING COMMAND: SaveScreenshotCommand(33)
browser_manager      - INFO     - BROWSER 3958619535: EXECUTING COMMAND: ScrollUp
browser_manager      - INFO     - BROWSER 3958619535: EXECUTING COMMAND: GettingHeaderBiddingAd
browser_manager      - INFO     - BROWSER 3958619535: EXECUTING COMMAND: GettingHBiddingImages
{'datadir_1': {'ad_html': '<script type=\\\\\'text/javascript\\\\\'>var adContent = \\\\\'\\\\\';\\\\nadContent += \\\\\'<div id="a-d91191">\\\\\' + \\\\\'\\\\\\\\n\\\\\';\\\\nadContent += \\\\\'<!-- AdPlacement : 8a9691380175757044fd70c59ebb005a --><!-- Verizon Media SSP BannerAd DspId:26755, SeatId:154955, DspCrId:EAAYACog9P9I31Qa-08lQ6elR0PWn1uHta6102Nx4ZQui.XboB4yBLhrouM_, CrsCrId:a130cfefe7658d4f0ae39d45ff66cc95691ebd32 --><i\\\\\' + \\\\\'mg src="https://us-east-1-web.ssp.yahoo.com/admax/adEvent.do?tidi=770940579&amp;dcn=8a9691380175757044fd70b6ae290014&amp;posi=1268348&amp;grp=%3F%3F%3F&amp;nl=1626755938359&amp;rts=1626755938202&amp;pix=1&amp;et=1&amp;a=e3f454a95caa44b982fc160a1b92e0c5&amp;m=aXAtMTAtMjItOS02NQ..&amp;p=MC4wMDAwNTE1Nzg&amp;b=MTMyNzE7MTU0OTU1O2FtYXpvbi5jb207Ozs7ZTIzNjFiNjU4MGMzNDViOWI0OTQwZjcxMjgyNzA0OGQ7MTU0OTU1OzE2MjY3NTE4MDA7OzAuMDAwMDQ1Mzg5OzswOw..&amp;uid=1fe0c0pgfcjdc%26b%3D3%26s%3Dot&amp;xdi=R2VuZXJpYyBBbmRyb2lkIE1vYmlsZXw_Pz98MTF8MQ..&amp;xoi=MHxVU0E.&amp;hb=true&amp;type=0&amp;af=2&amp;dety=2&amp;us_privacy=1---" style="display:none;width:1px;height:1px;border:0;" width="1" height="1" alt=""/><iframe id="amznad363910" src="https://aax-us-east.amazon-adsystem.com/e/is/69181f7afe80edd3ac0507484306e4f2/creative?b=IjnQlMyf5IUvt-MmFNYZhBUAAAF6wjW3zQEAAAZBAWDd-6I&w=wONbdcqm0fobIbmrXPfa3RabZiD7cfROMSoIzS0JNWM&bi=NKpPHkJAP66SqrJYH9xkwqZilSJKNIQIHqkfnKLQtzwcf4bzMxmDMFWwqvraaom8ZgSdzb017P4tqArlp0eoVenYbIhWhIY28R7Kqg3IRcnaW0YlNChQYH4wSqaUhPJMGZ53UoE3yhmFCELvTEK0bOo86DBojNdb2dkHdRLbUDykfkegdGDaZMotBhd94B3CwsxhyobO.h1oGaA2FruZFboCTDrJ9NURiE1jeUAGIOyKZlb9K8yuyCGqWe.MW33GhakZXhlovMizbWkTyXyiZjQC9hkT.GaeGS2mQ62x3Sy-G3VRh65jJFZSKkEI1pnLlMoARKPcCwwkFTWeZnT8sgUab3ZS.y3d-n-MiJwCwWhZLispNiD22lDdvLTHkiA7qFLGXC9o7s4JwcZqkX0LX.byVlqYK04iFJjLifNNuGJQ0L6KnJFxFaxK63ALeO8fQJBDvqxXvjYq4xKyeAd6THH5XJSOLF5ZqkcEI3quHGfH2xQHymA2c4TQCmojtuHg2KfHcUAtWIDxpLiUTA1jYpMf-GBZF0rZwnNtRRnBhBzzhmEGZaR1Uk1.sj1v1i3c" width="300" height="250" frameborder="0" marginwidth="0" marginheight="0" scrolling="no"></iframe><scr\\\\\' + \\\\\'ipt type="text/javascript" src="https://service.idsync.analytics.yahoo.com/sp/v0/pixels?pixelIds=58269,55953,55936,55986,57926,55965&referrer=&limit=6&us_privacy=1---&js=1&_origin=1&gdpr=0&euconsent="></scr\\\\\' + \\\\\'ipt><!-- Ads by Verizon Media SSP - Optimized by NEXAGE - Tuesday, July 20, 2021 at 12:38:58 AM Eastern Daylight Time --></div>\\\\\' + \\\\\'\\\\\\\\n\\\\\';\\\\nadContent += \\\\\'<scr\\\\\' + \\\\\'ipt src="https://s.yimg.com/cb/af/adfeedback-1.0.105.js"></scr\\\\\' + \\\\\'ipt>\\\\\' + \\\\\'\\\\\\\\n\\\\\';\\\\nadContent += \\\\\'<scr\\\\\' + \\\\\'ipt type="text/javascript">\\\\\' + \\\\\'\\\\\\\\n\\\\\';\\\\nadContent += \\\\\'if (window.OATH && window.OATH.AdFeedback) {\\\\\' + \\\\\'\\\\\\\\n\\\\\';\\\\nadContent += \\\\\'            window.OATH.AdFeedback.init({\\\\\' + \\\\\'\\\\\\\\n\\\\\';\\\\nadContent += \\\\\'                lang:"en-US",\\\\\' + \\\\\'\\\\\\\\n\\\\\';\\\\nadContent += \\\\\'                beaconUrl:"https://beap-bc.yahoo.com/af/us?bv=1.0.0&bs=(1abavdfsm(gid$e2361b6580c345b9b4940f712827048d,st$1626755938202000,li$13271,cr$EAAYACog9P9I31Qa-08lQ6elR0PWn1uHta6102Nx4ZQui.XboB4yBLhrouM_^^154955^^26755,dmn$amazon.com,srv$4,exp$1626760738202000,ct$26,v$1.0.0,adv$26755,pbid$57504,seid$0,afv$2.0^^a130cfefe7658d4f0ae39d45ff66cc95691ebd32,pdmn$Newyorker.com,si$295556,adsize$300x250,dtid$2))&al=(${afparams},bucket$tnv_stable)&r=27207",\\\\\' + \\\\\'\\\\\\\\n\\\\\';\\\\nadContent += \\\\\'                viewId:"a-d91191",\\\\\' + \\\\\'\\\\\\\\n\\\\\';\\\\nadContent += \\\\\'                deviceTypeId:2,\\\\\' + \\\\\'\\\\\\\\n\\\\\';\\\\nadContent += \\\\\'                configs: {\\\\\' + \\\\\'\\\\\\\\n\\\\\';\\\\nadContent += \\\\\'                       templateId: "default",\\\\\' + \\\\\'\\\\\\\\n\\\\\';\\\\nadContent += \\\\\'                   },\\\\\' + \\\\\'\\\\\\\\n\\\\\';\\\\nadContent += \\\\\'            });\\\\\' + \\\\\'\\\\\\\\n\\\\\';\\\\nadContent += \\\\\' }\\\\\' + \\\\\'\\\\\\\\n\\\\\';\\\\nadContent += \\\\\'</scr\\\\\' + \\\\\'ipt>\\\\\' + \\\\\'\\\\\\\\n\\\\\';\\\\nadContent += \\\\\'<scr\\\\\' + \\\\\'ipt src="https://s.yimg.com/ix/talon-1.0.31.js"></scr\\\\\' + \\\\\'ipt>\\\\\' + \\\\\'\\\\\\\\n\\\\\';\\\\nadContent += \\\\\'<scr\\\\\' + \\\\\'ipt type="text/javascript">\\\\\' + \\\\\'\\\\\\\\n\\\\\';\\\\nadContent += \\\\\'if (window.OATH && window.OATH.TalonJs) {\\\\\' + \\\\\'\\\\\\\\n\\\\\';\\\\nadContent += \\\\\'            window.OATH.TalonJs.init({\\\\\' + \\\\\'\\\\\\\\n\\\\\';\\\\nadContent += \\\\\'                lang:"en-US",\\\\\' + \\\\\'\\\\\\\\n\\\\\';\\\\nadContent += \\\\\'                beaconUrl:"https://beap-bc.yahoo.com/tp?bs=(160r6t7uh(sek$e2361b6580c345b9b4940f712827048d,st$1626755938202000,li$13271,cr$EAAYACog9P9I31Qa-08lQ6elR0PWn1uHta6102Nx4ZQui.XboB4yBLhrouM_^^154955^^26755,v$1.0.0,adv$26755,pbid$57504,si$295556,dtid$2))&tp=(${talonjsparams},bucket$tnv_stable)",\\\\\' + \\\\\'\\\\\\\\n\\\\\';\\\\nadContent += \\\\\'                viewId:"a-d91191",\\\\\' + \\\\\'\\\\\\\\n\\\\\';\\\\nadContent += \\\\\'                adSystem:"ONE_MOBILE",\\\\\' + \\\\\'\\\\\\\\n\\\\\';\\\\nadContent += \\\\\'                deviceTypeId:2,\\\\\' + \\\\\'\\\\\\\\n\\\\\';\\\\nadContent += \\\\\'                publisherId:57504,\\\\\' + \\\\\'\\\\\\\\n\\\\\';\\\\nadContent += \\\\\'                configs: {\\\\\' + \\\\\'\\\\\\\\n\\\\\';\\\\nadContent += \\\\\'                       adType:"DISPLAY",\\\\\' + \\\\\'\\\\\\\\n\\\\\';\\\\nadContent += \\\\\'                   },\\\\\' + \\\\\'\\\\\\\\n\\\\\';\\\\nadContent += \\\\\'            });\\\\\' + \\\\\'\\\\\\\\n\\\\\';\\\\nadContent += \\\\\' }\\\\\' + \\\\\'\\\\\\\\n\\\\\';\\\\nadContent += \\\\\'</scr\\\\\' + \\\\\'ipt>\\\\\' + \\\\\'\\\\\\\\n\\\\\';\\\\ndocument.write(adContent);</script>', 'urls': [], 'cpm': '0.045389', 'bidder': "'onemobile'", 'originalCurrency': "'USD'", 'pbHg': "'0.04'", 'pbLg': "'0.00'", 'pbCg': "'0.04'", 'pbMg': "'0.00'", 'pbAg': "'0.00'", 'pbDg': "'0.04'", 'currency': "'USD'", 'height': '250', 'size': "'300x250'", 'width': '300', 'mediaType': "'banner'", 'bidderCode': "'onemobile'", 'originalCpm': '0.045389', 'statusMessage': "'Bid available'"}}
3_3_datadir_1.html
browser_manager      - ERROR    - BROWSER 3958619535: Crash in driver, restarting browser manager
Traceback (most recent call last):
  File "/home/maazbinmusa/Desktop/openwpm-xdevice/custom_command.py", line 359, in cap_images
    driver.get("file:///"+html_file)
  File "/home/maazbinmusa/miniconda3/envs/openwpm/lib/python3.9/site-packages/selenium/webdriver/remote/webdriver.py", line 333, in get
    self.execute(Command.GET, {'url': url})
  File "/home/maazbinmusa/miniconda3/envs/openwpm/lib/python3.9/site-packages/selenium/webdriver/remote/webdriver.py", line 321, in execute
    self.error_handler.check_response(response)
  File "/home/maazbinmusa/miniconda3/envs/openwpm/lib/python3.9/site-packages/selenium/webdriver/remote/errorhandler.py", line 242, in check_response
    raise exception_class(message, screen, stacktrace)
selenium.common.exceptions.WebDriverException: Message: Reached error page: about:neterror?e=fileAccessDenied&u=file%3A////home/maazbinmusa/Desktop/openwpm-xdevice/datadir/3_3_datadir_1.html&c=UTF-8&d=The%20file%20at%20//home/maazbinmusa/Desktop/openwpm-xdevice/datadir/3_3_datadir_1.html%20is%20not%20readable.


During handling of the above exception, another exception occurred:

Traceback (most recent call last):
  File "/home/maazbinmusa/Desktop/openwpm-xdevice/openwpm/browser_manager.py", line 753, in run
    command.execute(
  File "/home/maazbinmusa/Desktop/openwpm-xdevice/custom_command.py", line 233, in execute
    cap_images(browser_params.custom_params["path"],webdriver,self.n,self.m)
  File "/home/maazbinmusa/Desktop/openwpm-xdevice/custom_command.py", line 365, in cap_images
    with open(path+'/{}_{}_{}_error.txt'.format(m,str(n),item_t),'w') as file:
UnboundLocalError: local variable 'item_t' referenced before assignment
CommandSequence for http://www.nymag.com ran successfully
browser_manager      - INFO     - BROWSER 3958619535: Received failure status while executing command: GettingHBiddingImages
browser_manager      - INFO     - Finished working on CommandSequence with visit_id 4630324946371331 on browser with id 3958619535
storage_controller   - INFO     - Awaiting all tasks for visit_id 4630324946371331
sql_provider         - WARNING  - Visit with visit_id 4630324946371331 got interrupted
CommandSequence for http://www.newyorker.com ran unsuccessfully
browser_manager      - INFO     - BROWSER 3958619535: BrowserManager restart initiated. Clear profile? False
storage_controller   - INFO     - Terminating handler, because the underlying socket closed
browser_manager      - INFO     - BROWSER 3958619535: Launching browser...
browser_manager      - INFO     - Starting to work on CommandSequence with visit_id 5187437231328747 on browser with id 3958619535
Browser IP: None
browser_manager      - INFO     - BROWSER 3958619535: EXECUTING COMMAND: InitializeCommand()
browser_manager      - INFO     - BROWSER 3958619535: EXECUTING COMMAND: GetCommand(http://www.vox.com,30)
browser_manager      - INFO     - BROWSER 3958619535: EXECUTING COMMAND: ScrollDown
browser_manager      - INFO     - BROWSER 3958619535: EXECUTING COMMAND: SaveScreenshotCommand(34)
browser_manager      - INFO     - BROWSER 3958619535: EXECUTING COMMAND: ScrollUp
browser_manager      - INFO     - BROWSER 3958619535: EXECUTING COMMAND: GettingHeaderBiddingAd
browser_manager      - INFO     - BROWSER 3958619535: EXECUTING COMMAND: GettingHBiddingImages
3_3_datadir_1.html
browser_manager      - ERROR    - BROWSER 3958619535: Crash in driver, restarting browser manager
Traceback (most recent call last):
  File "/home/maazbinmusa/Desktop/openwpm-xdevice/custom_command.py", line 359, in cap_images
    driver.get("file:///"+html_file)
  File "/home/maazbinmusa/miniconda3/envs/openwpm/lib/python3.9/site-packages/selenium/webdriver/remote/webdriver.py", line 333, in get
    self.execute(Command.GET, {'url': url})
  File "/home/maazbinmusa/miniconda3/envs/openwpm/lib/python3.9/site-packages/selenium/webdriver/remote/webdriver.py", line 321, in execute
    self.error_handler.check_response(response)
  File "/home/maazbinmusa/miniconda3/envs/openwpm/lib/python3.9/site-packages/selenium/webdriver/remote/errorhandler.py", line 242, in check_response
    raise exception_class(message, screen, stacktrace)
selenium.common.exceptions.WebDriverException: Message: Reached error page: about:neterror?e=fileAccessDenied&u=file%3A////home/maazbinmusa/Desktop/openwpm-xdevice/datadir/3_3_datadir_1.html&c=UTF-8&d=The%20file%20at%20//home/maazbinmusa/Desktop/openwpm-xdevice/datadir/3_3_datadir_1.html%20is%20not%20readable.


During handling of the above exception, another exception occurred:

Traceback (most recent call last):
  File "/home/maazbinmusa/Desktop/openwpm-xdevice/openwpm/browser_manager.py", line 753, in run
    command.execute(
  File "/home/maazbinmusa/Desktop/openwpm-xdevice/custom_command.py", line 233, in execute
    cap_images(browser_params.custom_params["path"],webdriver,self.n,self.m)
  File "/home/maazbinmusa/Desktop/openwpm-xdevice/custom_command.py", line 365, in cap_images
    with open(path+'/{}_{}_{}_error.txt'.format(m,str(n),item_t),'w') as file:
UnboundLocalError: local variable 'item_t' referenced before assignment
browser_manager      - INFO     - BROWSER 3958619535: Received failure status while executing command: GettingHBiddingImages
browser_manager      - INFO     - Finished working on CommandSequence with visit_id 5187437231328747 on browser with id 3958619535
storage_controller   - INFO     - Awaiting all tasks for visit_id 5187437231328747
sql_provider         - WARNING  - Visit with visit_id 5187437231328747 got interrupted
storage_controller   - INFO     - Terminating handler, because the underlying socket closed
storage_controller   - INFO     - Terminating handler, because the underlying socket closed
storage_controller   - INFO     - Received shutdown signal!
storage_controller   - INFO     - Awaiting all tasks for visit_id 4630324946371331
sql_provider         - WARNING  - Visit with visit_id 4630324946371331 got interrupted
storage_controller   - INFO     - Awaiting all tasks for visit_id 5187437231328747
sql_provider         - WARNING  - Visit with visit_id 5187437231328747 got interrupted
CommandSequence for http://www.vox.com ran unsuccessfully
Shutdown took 204.80452418327332 seconds
